<?xml version="1.0" encoding="UTF-8"?>
<robot generator="Robot 7.2.2 (Python 3.13.3 on win32)" generated="2025-04-24T17:23:23.702343" rpa="false" schemaversion="5">
<suite id="s1" name="TC03 JSON Test" source="C:\Users\DELL\Desktop\Thales\APIAutomation\TestCases\TC03_JSON_Test.robot">
<test id="s1-t1" name="JSON TEST" line="7">
<kw name="Load Json From File" owner="JSONLibrary">
<msg time="2025-04-24T17:23:23.840987" level="INFO">${json_obj} = {'id': 0, 'version': 5, 'productId': 'PROD-XL-2025-01', 'name': 'Limited Edition Ultra HD Smart TV', 'price': 1299.49, 'address': {'street': '123 Innovation Avenue', 'city': 'Techville', 'postalCode':...</msg>
<var>${json_obj}</var>
<arg>C:\\Users\\DELL\\Desktop\\Thales\\test.json</arg>
<doc>Load JSON from file.</doc>
<status status="PASS" start="2025-04-24T17:23:23.840396" elapsed="0.000661"/>
</kw>
<kw name="Get Value From Json" owner="JSONLibrary">
<msg time="2025-04-24T17:23:23.866397" level="INFO">${name_value} = ['Limited Edition Ultra HD Smart TV']</msg>
<var>${name_value}</var>
<arg>${json_obj}</arg>
<arg>$.name</arg>
<doc>Get Value From JSON using JSONPath</doc>
<status status="PASS" start="2025-04-24T17:23:23.841360" elapsed="0.025093"/>
</kw>
<kw name="Should Be Equal" owner="BuiltIn">
<arg>${name_value[0]}</arg>
<arg>Limited Edition Ultra HD Smart TV</arg>
<doc>Fails if the given objects are unequal.</doc>
<status status="PASS" start="2025-04-24T17:23:23.866961" elapsed="0.000562"/>
</kw>
<kw name="Get Value From Json" owner="JSONLibrary">
<msg time="2025-04-24T17:23:23.888024" level="INFO">${name_value} = [1299.49]</msg>
<var>${name_value}</var>
<arg>${json_obj}</arg>
<arg>$.price</arg>
<doc>Get Value From JSON using JSONPath</doc>
<status status="PASS" start="2025-04-24T17:23:23.867858" elapsed="0.020215"/>
</kw>
<kw name="Should Be Equal As Numbers" owner="BuiltIn">
<msg time="2025-04-24T17:23:23.888950" level="INFO">Argument types are:
&lt;class 'float'&gt;
&lt;class 'str'&gt;</msg>
<arg>${name_value[0]}</arg>
<arg>1299.49</arg>
<doc>Fails if objects are unequal after converting them to real numbers.</doc>
<status status="PASS" start="2025-04-24T17:23:23.888466" elapsed="0.000559"/>
</kw>
<kw name="Get Value From Json" owner="JSONLibrary">
<msg time="2025-04-24T17:23:23.908886" level="INFO">${city_value} = ['Techville']</msg>
<var>${city_value}</var>
<arg>${json_obj}</arg>
<arg>$.address.city</arg>
<doc>Get Value From JSON using JSONPath</doc>
<status status="PASS" start="2025-04-24T17:23:23.889287" elapsed="0.019642"/>
</kw>
<kw name="Should Be Equal As Strings" owner="BuiltIn">
<arg>${city_value[0]}</arg>
<arg>Techville</arg>
<doc>Fails if objects are unequal after converting them to strings.</doc>
<status status="PASS" start="2025-04-24T17:23:23.909246" elapsed="0.000480"/>
</kw>
<kw name="Get Value From Json" owner="JSONLibrary">
<msg time="2025-04-24T17:23:23.931139" level="INFO">${country_value} = ['Tunisia']</msg>
<var>${country_value}</var>
<arg>${json_obj}</arg>
<arg>$.address.country["1st"]</arg>
<doc>Get Value From JSON using JSONPath</doc>
<status status="PASS" start="2025-04-24T17:23:23.909946" elapsed="0.021235"/>
</kw>
<kw name="Should Be Equal As Strings" owner="BuiltIn">
<arg>${country_value[0]}</arg>
<arg>Tunisia</arg>
<doc>Fails if objects are unequal after converting them to strings.</doc>
<status status="PASS" start="2025-04-24T17:23:23.931508" elapsed="0.000502"/>
</kw>
<kw name="Get Value From Json" owner="JSONLibrary">
<msg time="2025-04-24T17:23:23.955423" level="INFO">${country_value} = ['Germany']</msg>
<var>${country_value}</var>
<arg>${json_obj}</arg>
<arg>$.address.country["2st"]</arg>
<doc>Get Value From JSON using JSONPath</doc>
<status status="PASS" start="2025-04-24T17:23:23.932612" elapsed="0.022851"/>
</kw>
<kw name="Should Be Equal As Strings" owner="BuiltIn">
<arg>${country_value[0]}</arg>
<arg>Germany</arg>
<doc>Fails if objects are unequal after converting them to strings.</doc>
<status status="PASS" start="2025-04-24T17:23:23.955794" elapsed="0.000484"/>
</kw>
<status status="PASS" start="2025-04-24T17:23:23.839463" elapsed="0.117043"/>
</test>
<status status="PASS" start="2025-04-24T17:23:23.704255" elapsed="0.253176"/>
</suite>
<statistics>
<total>
<stat pass="1" fail="0" skip="0">All Tests</stat>
</total>
<tag>
</tag>
<suite>
<stat name="TC03 JSON Test" id="s1" pass="1" fail="0" skip="0">TC03 JSON Test</stat>
</suite>
</statistics>
<errors>
</errors>
</robot>
