<?xml version="1.0" encoding="UTF-8"?>
<robot generator="Robot 7.2.2 (Python 3.13.3 on win32)" generated="2025-04-24T16:50:20.586945" rpa="false" schemaversion="5">
<suite id="s1" name="TC03 JSON Test" source="C:\Users\DELL\Desktop\Thales\APIAutomation\TestCases\TC03_JSON_Test.robot">
<test id="s1-t1" name="JSON TEST" line="7">
<kw name="Load Json From File" owner="JSONLibrary">
<msg time="2025-04-24T16:50:20.732223" level="INFO">${json_obj} = {'id': 0, 'version': 5, 'productId': 'PROD-XL-2025-01', 'name': 'Limited Edition Ultra HD Smart TV', 'price': 1299.49, 'address': {'street': '123 Innovation Avenue', 'city': 'Techville', 'postalCode':...</msg>
<var>${json_obj}</var>
<arg>C:\\Users\\DELL\\Desktop\\Thales\\test.json</arg>
<doc>Load JSON from file.</doc>
<status status="PASS" start="2025-04-24T16:50:20.731252" elapsed="0.001028"/>
</kw>
<kw name="Get Value From Json" owner="JSONLibrary">
<msg time="2025-04-24T16:50:20.756023" level="INFO">${name_value} = ['Limited Edition Ultra HD Smart TV']</msg>
<var>${name_value}</var>
<arg>${json_obj}</arg>
<arg>$.name</arg>
<doc>Get Value From JSON using JSONPath</doc>
<status status="PASS" start="2025-04-24T16:50:20.732633" elapsed="0.023451"/>
</kw>
<kw name="Should Be Equal" owner="BuiltIn">
<arg>${name_value[0]}</arg>
<arg>Limited Edition Ultra HD Smart TV</arg>
<doc>Fails if the given objects are unequal.</doc>
<status status="PASS" start="2025-04-24T16:50:20.756489" elapsed="0.000559"/>
</kw>
<kw name="Get Value From Json" owner="JSONLibrary">
<msg time="2025-04-24T16:50:20.786529" level="INFO">${name_value} = [1299.49]</msg>
<var>${name_value}</var>
<arg>${json_obj}</arg>
<arg>$.price</arg>
<doc>Get Value From JSON using JSONPath</doc>
<status status="PASS" start="2025-04-24T16:50:20.757343" elapsed="0.029230"/>
</kw>
<kw name="Should Be Equal As Numbers" owner="BuiltIn">
<msg time="2025-04-24T16:50:20.787425" level="INFO">Argument types are:
&lt;class 'float'&gt;
&lt;class 'str'&gt;</msg>
<arg>${name_value[0]}</arg>
<arg>1299.49</arg>
<doc>Fails if objects are unequal after converting them to real numbers.</doc>
<status status="PASS" start="2025-04-24T16:50:20.786949" elapsed="0.000558"/>
</kw>
<kw name="Get Value From Json" owner="JSONLibrary">
<msg time="2025-04-24T16:50:20.808410" level="INFO">${city_value} = ['Techville']</msg>
<var>${city_value}</var>
<arg>${json_obj}</arg>
<arg>$.address.city</arg>
<doc>Get Value From JSON using JSONPath</doc>
<status status="PASS" start="2025-04-24T16:50:20.787787" elapsed="0.020703"/>
</kw>
<kw name="Should Be Equal As Strings" owner="BuiltIn">
<arg>${city_value[0]}</arg>
<arg>Techville</arg>
<doc>Fails if objects are unequal after converting them to strings.</doc>
<status status="PASS" start="2025-04-24T16:50:20.808842" elapsed="0.000703"/>
</kw>
<kw name="Get Value From Json" owner="JSONLibrary">
<msg time="2025-04-24T16:50:20.830591" level="INFO">${country_value} = ['Tunisia']</msg>
<var>${country_value}</var>
<arg>${json_obj}</arg>
<arg>$.address.country["1st"]</arg>
<doc>Get Value From JSON using JSONPath</doc>
<status status="PASS" start="2025-04-24T16:50:20.809841" elapsed="0.020793"/>
</kw>
<kw name="Should Be Equal As Strings" owner="BuiltIn">
<arg>${country_value[0]}</arg>
<arg>Tunisia</arg>
<doc>Fails if objects are unequal after converting them to strings.</doc>
<status status="PASS" start="2025-04-24T16:50:20.831018" elapsed="0.000509"/>
</kw>
<status status="PASS" start="2025-04-24T16:50:20.729829" elapsed="0.102207"/>
</test>
<status status="PASS" start="2025-04-24T16:50:20.588681" elapsed="0.244406"/>
</suite>
<statistics>
<total>
<stat pass="1" fail="0" skip="0">All Tests</stat>
</total>
<tag>
</tag>
<suite>
<stat name="TC03 JSON Test" id="s1" pass="1" fail="0" skip="0">TC03 JSON Test</stat>
</suite>
</statistics>
<errors>
</errors>
</robot>
